[17:32:24] [main/WARN]: Ambiguity between arguments [teleport, destination] and [teleport, targets] with inputs: [Player, 0123, @e, dd12be42-52a9-4a91-a8a1-11c01849e498]
[17:32:24] [main/WARN]: Ambiguity between arguments [teleport, location] and [teleport, destination] with inputs: [0.1 -0.5 .9, 0 0 0]
[17:32:24] [main/WARN]: Ambiguity between arguments [teleport, location] and [teleport, targets] with inputs: [0.1 -0.5 .9, 0 0 0]
[17:32:24] [main/WARN]: Ambiguity between arguments [teleport, targets] and [teleport, destination] with inputs: [Player, 0123, dd12be42-52a9-4a91-a8a1-11c01849e498]
[17:32:24] [main/WARN]: Ambiguity between arguments [teleport, targets, location] and [teleport, targets, destination] with inputs: [0.1 -0.5 .9, 0 0 0]
[17:32:24] [Server thread/INFO]: Starting minecraft server version 1.15.2
[17:32:24] [Server thread/INFO]: Loading properties
[17:32:24] [Server thread/INFO]: Default game type: SURVIVAL
[17:32:24] [Server thread/INFO]: Generating keypair
[17:32:24] [Server console handler/ERROR]: Exception handling console input
java.io.IOException: The handle is invalid
	at java.io.FileInputStream.readBytes(Native Method) ~[?:1.8.0_51]
	at java.io.FileInputStream.read(Unknown Source) ~[?:1.8.0_51]
	at java.io.BufferedInputStream.read1(Unknown Source) ~[?:1.8.0_51]
	at java.io.BufferedInputStream.read(Unknown Source) ~[?:1.8.0_51]
	at sun.nio.cs.StreamDecoder.readBytes(Unknown Source) ~[?:1.8.0_51]
	at sun.nio.cs.StreamDecoder.implRead(Unknown Source) ~[?:1.8.0_51]
	at sun.nio.cs.StreamDecoder.read(Unknown Source) ~[?:1.8.0_51]
	at java.io.InputStreamReader.read(Unknown Source) ~[?:1.8.0_51]
	at java.io.BufferedReader.fill(Unknown Source) ~[?:1.8.0_51]
	at java.io.BufferedReader.readLine(Unknown Source) ~[?:1.8.0_51]
	at java.io.BufferedReader.readLine(Unknown Source) ~[?:1.8.0_51]
	at wd$2.run(SourceFile:110) [server.jar:?]
[17:32:24] [Server thread/INFO]: Starting Minecraft server on *:25565
[17:32:24] [Server thread/INFO]: Using default channel type
[17:32:24] [Server thread/INFO]: Preparing level "world"
[17:32:24] [Server thread/INFO]: Found new data pack vanilla, loading it automatically
[17:32:24] [Server thread/INFO]: Reloading ResourceManager: Default
[17:32:25] [Server thread/INFO]: Loaded 6 recipes
[17:32:25] [Server thread/INFO]: Loaded 825 advancements
[17:32:25] [Server thread/WARN]: Unable to find spawn biome
[17:32:30] [Server thread/INFO]: Preparing start region for dimension minecraft:overworld
[17:32:30] [Server-Worker-3/INFO]: Preparing spawn area: 6%
[17:32:31] [Server-Worker-6/INFO]: Preparing spawn area: 10%
[17:32:31] [Server-Worker-6/INFO]: Preparing spawn area: 15%
[17:32:32] [Server-Worker-6/INFO]: Preparing spawn area: 23%
[17:32:32] [Server-Worker-6/INFO]: Preparing spawn area: 29%
[17:32:33] [Server-Worker-5/INFO]: Preparing spawn area: 29%
[17:32:33] [Server-Worker-1/INFO]: Preparing spawn area: 40%
[17:32:34] [Server-Worker-3/INFO]: Preparing spawn area: 48%
[17:32:34] [Server-Worker-3/INFO]: Preparing spawn area: 55%
[17:32:35] [Server-Worker-2/INFO]: Preparing spawn area: 66%
[17:32:36] [Server-Worker-6/INFO]: Preparing spawn area: 71%
[17:32:36] [Server-Worker-7/INFO]: Preparing spawn area: 81%
[17:32:36] [Server-Worker-7/INFO]: Preparing spawn area: 81%
[17:32:37] [Server-Worker-5/INFO]: Preparing spawn area: 84%
[17:32:37] [Server-Worker-6/INFO]: Preparing spawn area: 84%
[17:32:37] [Server thread/INFO]: Time elapsed: 7173 ms
[17:32:37] [Server thread/INFO]: Done (13.035s)! For help, type "help"
[17:32:44] [Server thread/INFO]: Stopping server
[17:32:44] [Server thread/INFO]: Saving players
[17:32:44] [Server thread/INFO]: Saving worlds
[17:32:44] [Server thread/INFO]: Saving chunks for level 'world'/minecraft:the_nether
[17:32:44] [Server thread/INFO]: ThreadedAnvilChunkStorage (DIM-1): All chunks are saved
[17:32:44] [Server thread/INFO]: Saving chunks for level 'world'/minecraft:the_end
[17:32:44] [Server thread/INFO]: ThreadedAnvilChunkStorage (DIM1): All chunks are saved
[17:32:44] [Server thread/INFO]: Saving chunks for level 'world'/minecraft:overworld
[17:32:45] [Server thread/INFO]: ThreadedAnvilChunkStorage (world): All chunks are saved
[17:32:45] [Server thread/INFO]: ThreadedAnvilChunkStorage (DIM-1): All chunks are saved
[17:32:45] [Server thread/INFO]: ThreadedAnvilChunkStorage (DIM1): All chunks are saved
[17:32:45] [Server thread/INFO]: ThreadedAnvilChunkStorage (world): All chunks are saved
